/*C4*/SET SCHEMA PUBLIC
DISCONNECT
/*C6*/SET SCHEMA PUBLIC
DISCONNECT
/*C5*/SET SCHEMA PUBLIC
CREATE TABLE Users (Id CHAR(36), name VARCHAR(100), age INT, location VARCHAR(100), PRIMARY KEY(Id))
CREATE TABLE RovrWallet (Id CHAR(36), currency VARCHAR(100), userId CHAR(36), balance INT, PRIMARY KEY(Id), FOREIGN KEY(userId) REFERENCES Users(Id))
/*C7*/SET SCHEMA PUBLIC
DISCONNECT
/*C8*/SET SCHEMA PUBLIC
DISCONNECT
/*C9*/SET SCHEMA PUBLIC
CREATE TABLE IF NOT EXISTS hi(hello VARCHAR(10), world VARCHAR(10))
INSERT INTO HI VALUES('Academy','Cool')
COMMIT
DROP TABLE hi
DISCONNECT
/*C10*/SET SCHEMA PUBLIC
DISCONNECT
/*C11*/SET SCHEMA PUBLIC
DISCONNECT
/*C13*/SET SCHEMA PUBLIC
DISCONNECT
/*C14*/SET SCHEMA PUBLIC
INSERT INTO USERS VALUES('a4b47daa-780a-435f-bcff-327270a080f9','Will',24,'Rochdale')
COMMIT
DISCONNECT
/*C15*/SET SCHEMA PUBLIC
CREATE TABLE IF NOT EXISTS hi(hello VARCHAR(10), world VARCHAR(10))
INSERT INTO HI VALUES('Academy','Cool')
COMMIT
DROP TABLE hi
DISCONNECT
/*C16*/SET SCHEMA PUBLIC
DISCONNECT
